  hw_7.cpp
  Создание кода
  6 of 479 functions ( 1.3%) were compiled, the rest were copied from previous compilation.
    4 functions were new in current compilation
    7 functions had inline decision re-evaluated but remain unchanged
  Создание кода завершено
  hw_7.vcxproj -> C:\Users\Anis\Desktop\Fac\4 Курс\ДЗ Графика\hw_7\x64\Release\hw_7.exe
  "pwsh.exe" не является внутренней или внешней
  командой, исполняемой программой или пакетным файлом.
  C:\Users\Anis\Desktop\Fac\4 ╩єЁё\─╟ ├ЁрЇшър\hw_7\hw_7\cube.vs
  C:\Users\Anis\Desktop\Fac\4 ╩єЁё\─╟ ├ЁрЇшър\hw_7\hw_7\inst.vs
  C:\Users\Anis\Desktop\Fac\4 ╩єЁё\─╟ ├ЁрЇшър\hw_7\hw_7\skybox.vs
  ╤ъюяшЁютрэю Їрщыют: 3.
  C:\Users\Anis\Desktop\Fac\4 ╩єЁё\─╟ ├ЁрЇшър\hw_7\hw_7\cube.ps
  C:\Users\Anis\Desktop\Fac\4 ╩єЁё\─╟ ├ЁрЇшър\hw_7\hw_7\inst.ps
  C:\Users\Anis\Desktop\Fac\4 ╩єЁё\─╟ ├ЁрЇшър\hw_7\hw_7\skybox.ps
  ╤ъюяшЁютрэю Їрщыют: 3.
  C:\Users\Anis\Desktop\Fac\4 ╩єЁё\─╟ ├ЁрЇшър\hw_7\hw_7\lighting.hlsli
  ╤ъюяшЁютрэю Їрщыют: 1.
  C:\Users\Anis\Desktop\Fac\4 ╩єЁё\─╟ ├ЁрЇшър\hw_7\hw_7\cube.dds
  C:\Users\Anis\Desktop\Fac\4 ╩єЁё\─╟ ├ЁрЇшър\hw_7\hw_7\cube2.dds
  C:\Users\Anis\Desktop\Fac\4 ╩єЁё\─╟ ├ЁрЇшър\hw_7\hw_7\sky_negx.dds
  C:\Users\Anis\Desktop\Fac\4 ╩єЁё\─╟ ├ЁрЇшър\hw_7\hw_7\sky_negy.dds
  C:\Users\Anis\Desktop\Fac\4 ╩єЁё\─╟ ├ЁрЇшър\hw_7\hw_7\sky_negz.dds
  C:\Users\Anis\Desktop\Fac\4 ╩єЁё\─╟ ├ЁрЇшър\hw_7\hw_7\sky_posx.dds
  C:\Users\Anis\Desktop\Fac\4 ╩єЁё\─╟ ├ЁрЇшър\hw_7\hw_7\sky_posy.dds
  C:\Users\Anis\Desktop\Fac\4 ╩єЁё\─╟ ├ЁрЇшър\hw_7\hw_7\sky_posz.dds
  ╤ъюяшЁютрэю Їрщыют: 8.
